<component name="libraryTable">
  <library name="junit-4.13-beta-3">
    <CLASSES>
      <root url="jar://$PROJECT_DIR$/dependencies/junit-4.13-beta-3.jar!/" />
      <root url="jar://$PROJECT_DIR$/dependencies/mockito-all-1.9.5.jar!/" />
    </CLASSES>
    <JAVADOC />
    <SOURCES>
      <root url="jar://$PROJECT_DIR$/dependencies/mockito-all-1.9.5.jar!/" />
    </SOURCES>
  </library>
</component>